[    18.575] _XSERVTransSocketUNIXCreateListener: ...SocketCreateListener() failed
[    18.575] _XSERVTransMakeAllCOTSServerListeners: server already running
[    18.575] (--) Log file renamed from "/home/exam/.local/share/xorg/Xorg.pid-1583.log" to "/home/exam/.local/share/xorg/Xorg.1.log"
[    18.576] 
X.Org X Server 1.21.1.4
X Protocol Version 11, Revision 0
[    18.576] Current Operating System: Linux aimll502pc014-HP-Pro-Tower-280-G9-PCI-Desktop-PC 6.8.0-52-generic #53~22.04.1-Ubuntu SMP PREEMPT_DYNAMIC Wed Jan 15 19:18:46 UTC 2 x86_64
[    18.576] Kernel command line: BOOT_IMAGE=/boot/vmlinuz-6.8.0-52-generic root=UUID=97605e38-d837-489a-a46d-3ed342f4285b ro quiet splash vt.handoff=7
[    18.576] xorg-server 2:21.1.4-2ubuntu1.7~22.04.13 (For technical support please see http://www.ubuntu.com/support) 
[    18.576] Current version of pixman: 0.40.0
[    18.576] 	Before reporting problems, check http://wiki.x.org
	to make sure that you have the latest version.
[    18.576] Markers: (--) probed, (**) from config file, (==) default setting,
	(++) from command line, (!!) notice, (II) informational,
	(WW) warning, (EE) error, (NI) not implemented, (??) unknown.
[    18.576] (==) Log file: "/home/exam/.local/share/xorg/Xorg.1.log", Time: Fri Mar 21 13:13:58 2025
[    18.576] (==) Using system config directory "/usr/share/X11/xorg.conf.d"
[    18.576] (==) No Layout section.  Using the first Screen section.
[    18.576] (==) No screen section available. Using defaults.
[    18.576] (**) |-->Screen "Default Screen Section" (0)
[    18.576] (**) |   |-->Monitor "<default monitor>"
[    18.577] (==) No monitor specified for screen "Default Screen Section".
	Using a default monitor configuration.
[    18.577] (==) Automatically adding devices
[    18.577] (==) Automatically enabling devices
[    18.577] (==) Automatically adding GPU devices
[    18.577] (==) Automatically binding GPU devices
[    18.577] (==) Max clients allowed: 256, resource mask: 0x1fffff
[    18.577] (WW) The directory "/usr/share/fonts/X11/cyrillic" does not exist.
[    18.577] 	Entry deleted from font path.
[    18.577] (WW) The directory "/usr/share/fonts/X11/100dpi/" does not exist.
[    18.577] 	Entry deleted from font path.
[    18.577] (WW) The directory "/usr/share/fonts/X11/75dpi/" does not exist.
[    18.577] 	Entry deleted from font path.
[    18.577] (WW) The directory "/usr/share/fonts/X11/100dpi" does not exist.
[    18.577] 	Entry deleted from font path.
[    18.577] (WW) The directory "/usr/share/fonts/X11/75dpi" does not exist.
[    18.577] 	Entry deleted from font path.
[    18.577] (==) FontPath set to:
	/usr/share/fonts/X11/misc,
	/usr/share/fonts/X11/Type1,
	built-ins
[    18.577] (==) ModulePath set to "/usr/lib/xorg/modules"
[    18.577] (II) The server relies on udev to provide the list of input devices.
	If no devices become available, reconfigure udev or disable AutoAddDevices.
[    18.577] (II) Loader magic: 0x598983f02020
[    18.577] (II) Module ABI versions:
[    18.577] 	X.Org ANSI C Emulation: 0.4
[    18.577] 	X.Org Video Driver: 25.2
[    18.577] 	X.Org XInput driver : 24.4
[    18.577] 	X.Org Server Extension : 10.0
[    18.578] (++) using VT number 2

[    18.580] (II) systemd-logind: took control of session /org/freedesktop/login1/session/_32
[    18.580] (II) xfree86: Adding drm device (/dev/dri/card1)
[    18.580] (II) Platform probe for /sys/devices/pci0000:00/0000:00:02.0/drm/card1
[    18.580] (II) systemd-logind: got fd for /dev/dri/card1 226:1 fd 15 paused 0
[    18.582] (--) PCI:*(0@0:2:0) 8086:4690:103c:89b3 rev 12, Mem @ 0x6002000000/16777216, 0x4000000000/268435456, I/O @ 0x00005000/64, BIOS @ 0x????????/131072
[    18.582] (II) LoadModule: "glx"
[    18.582] (II) Loading /usr/lib/xorg/modules/extensions/libglx.so
[    18.583] (II) Module glx: vendor="X.Org Foundation"
[    18.583] 	compiled for 1.21.1.4, module version = 1.0.0
[    18.583] 	ABI class: X.Org Server Extension, version 10.0
[    18.583] (==) Matched modesetting as autoconfigured driver 0
[    18.583] (==) Matched fbdev as autoconfigured driver 1
[    18.583] (==) Matched vesa as autoconfigured driver 2
[    18.583] (==) Assigned the driver to the xf86ConfigLayout
[    18.583] (II) LoadModule: "modesetting"
[    18.583] (II) Loading /usr/lib/xorg/modules/drivers/modesetting_drv.so
[    18.583] (II) Module modesetting: vendor="X.Org Foundation"
[    18.583] 	compiled for 1.21.1.4, module version = 1.21.1
[    18.583] 	Module class: X.Org Video Driver
[    18.583] 	ABI class: X.Org Video Driver, version 25.2
[    18.583] (II) LoadModule: "fbdev"
[    18.583] (II) Loading /usr/lib/xorg/modules/drivers/fbdev_drv.so
[    18.583] (II) Module fbdev: vendor="X.Org Foundation"
[    18.583] 	compiled for 1.21.1.3, module version = 0.5.0
[    18.583] 	Module class: X.Org Video Driver
[    18.583] 	ABI class: X.Org Video Driver, version 25.2
[    18.583] (II) LoadModule: "vesa"
[    18.583] (II) Loading /usr/lib/xorg/modules/drivers/vesa_drv.so
[    18.583] (II) Module vesa: vendor="X.Org Foundation"
[    18.583] 	compiled for 1.21.1.3, module version = 2.5.0
[    18.583] 	Module class: X.Org Video Driver
[    18.583] 	ABI class: X.Org Video Driver, version 25.2
[    18.583] (II) modesetting: Driver for Modesetting Kernel Drivers: kms
[    18.583] (II) FBDEV: driver for framebuffer: fbdev
[    18.583] (II) VESA: driver for VESA chipsets: vesa
[    18.583] xf86EnableIO: failed to enable I/O ports 0000-03ff (Operation not permitted)
[    18.583] (II) modeset(0): using drv /dev/dri/card1
[    18.583] (WW) Falling back to old probe method for fbdev
[    18.583] (II) Loading sub module "fbdevhw"
[    18.583] (II) LoadModule: "fbdevhw"
[    18.583] (II) Loading /usr/lib/xorg/modules/libfbdevhw.so
[    18.583] (II) Module fbdevhw: vendor="X.Org Foundation"
[    18.583] 	compiled for 1.21.1.4, module version = 0.0.2
[    18.583] 	ABI class: X.Org Video Driver, version 25.2
[    18.583] (EE) open /dev/fb0: Permission denied
[    18.583] (WW) VGA arbiter: cannot open kernel arbiter, no multi-card support
[    18.583] (II) modeset(0): Creating default Display subsection in Screen section
	"Default Screen Section" for depth/fbbpp 24/32
[    18.583] (==) modeset(0): Depth 24, (==) framebuffer bpp 32
[    18.584] (==) modeset(0): RGB weight 888
[    18.584] (==) modeset(0): Default visual is TrueColor
[    18.584] (II) Loading sub module "glamoregl"
[    18.584] (II) LoadModule: "glamoregl"
[    18.584] (II) Loading /usr/lib/xorg/modules/libglamoregl.so
[    18.587] (II) Module glamoregl: vendor="X.Org Foundation"
[    18.587] 	compiled for 1.21.1.4, module version = 1.0.1
[    18.587] 	ABI class: X.Org ANSI C Emulation, version 0.4
[    18.607] (II) modeset(0): glamor X acceleration enabled on Mesa Intel(R) UHD Graphics 770 (ADL-S GT1)
[    18.607] (II) modeset(0): glamor initialized
[    18.607] (==) modeset(0): VariableRefresh: disabled
[    18.607] (==) modeset(0): AsyncFlipSecondaries: disabled
[    18.607] (II) modeset(0): Output DP-1 has no monitor section
[    18.634] (II) modeset(0): Output HDMI-1 has no monitor section
[    18.634] (II) modeset(0): EDID for output DP-1
[    18.661] (II) modeset(0): EDID for output HDMI-1
[    18.661] (II) modeset(0): Manufacturer: HPN  Model: 3633  Serial#: 16843009
[    18.661] (II) modeset(0): Year: 2023  Week: 5
[    18.661] (II) modeset(0): EDID Version: 1.3
[    18.661] (II) modeset(0): Digital Display Input
[    18.661] (II) modeset(0): Max Image Size [cm]: horiz.: 44  vert.: 24
[    18.661] (II) modeset(0): Gamma: 2.20
[    18.661] (II) modeset(0): DPMS capabilities: Off
[    18.661] (II) modeset(0): Supported color encodings: RGB 4:4:4 YCrCb 4:4:4 
[    18.661] (II) modeset(0): First detailed timing is preferred mode
[    18.661] (II) modeset(0): redX: 0.634 redY: 0.338   greenX: 0.311 greenY: 0.626
[    18.661] (II) modeset(0): blueX: 0.159 blueY: 0.060   whiteX: 0.313 whiteY: 0.329
[    18.661] (II) modeset(0): Supported established timings:
[    18.661] (II) modeset(0): 720x400@70Hz
[    18.661] (II) modeset(0): 640x480@60Hz
[    18.661] (II) modeset(0): 800x600@60Hz
[    18.661] (II) modeset(0): 1024x768@60Hz
[    18.661] (II) modeset(0): Manufacturer's mask: 0
[    18.661] (II) modeset(0): Supported standard timings:
[    18.661] (II) modeset(0): #0: hsize: 1600  vsize 900  refresh: 60  vid: 49321
[    18.661] (II) modeset(0): #1: hsize: 1440  vsize 900  refresh: 60  vid: 149
[    18.661] (II) modeset(0): #2: hsize: 1280  vsize 1024  refresh: 60  vid: 32897
[    18.661] (II) modeset(0): #3: hsize: 1280  vsize 800  refresh: 60  vid: 129
[    18.661] (II) modeset(0): #4: hsize: 1280  vsize 720  refresh: 60  vid: 49281
[    18.661] (II) modeset(0): Supported detailed timing:
[    18.661] (II) modeset(0): clock: 108.0 MHz   Image Size:  432 x 240 mm
[    18.661] (II) modeset(0): h_active: 1600  h_sync: 1624  h_sync_end 1704 h_blank_end 1800 h_border: 0
[    18.661] (II) modeset(0): v_active: 900  v_sync: 901  v_sync_end 904 v_blanking: 1000 v_border: 0
[    18.661] (II) modeset(0): Ranges: V min: 50 V max: 60 Hz, H min: 30 H max: 70 kHz, PixClock max 175 MHz
[    18.661] (II) modeset(0): Monitor name: HP P204v
[    18.661] (II) modeset(0): Serial No: 3CQ3050F3D
[    18.661] (II) modeset(0): Supported detailed timing:
[    18.661] (II) modeset(0): clock: 74.2 MHz   Image Size:  432 x 240 mm
[    18.661] (II) modeset(0): h_active: 1280  h_sync: 1390  h_sync_end 1430 h_blank_end 1650 h_border: 0
[    18.661] (II) modeset(0): v_active: 720  v_sync: 725  v_sync_end 730 v_blanking: 750 v_border: 0
[    18.661] (II) modeset(0): Supported detailed timing:
[    18.661] (II) modeset(0): clock: 74.2 MHz   Image Size:  432 x 240 mm
[    18.661] (II) modeset(0): h_active: 1280  h_sync: 1720  h_sync_end 1760 h_blank_end 1980 h_border: 0
[    18.661] (II) modeset(0): v_active: 720  v_sync: 725  v_sync_end 730 v_blanking: 750 v_border: 0
[    18.661] (II) modeset(0): Number of EDID sections to follow: 1
[    18.661] (II) modeset(0): EDID (in hex):
[    18.661] (II) modeset(0): 	00ffffffffffff00220e333601010101
[    18.661] (II) modeset(0): 	05210103802c18782a69d5a2564fa028
[    18.661] (II) modeset(0): 	0f5054a10800a9c095008180810081c0
[    18.661] (II) modeset(0): 	010101010101302a40c8608464301850
[    18.661] (II) modeset(0): 	1300b0f01000001e000000fd00323c1e
[    18.661] (II) modeset(0): 	4611000a202020202020000000fc0048
[    18.661] (II) modeset(0): 	502050323034760a20202020000000ff
[    18.661] (II) modeset(0): 	00334351333035304633440a2020016c
[    18.661] (II) modeset(0): 	020315b145011203130467030c001000
[    18.661] (II) modeset(0): 	0022e2002b011d007251d01e206e2855
[    18.661] (II) modeset(0): 	00b0f01000001e011d00bc52d01e20b8
[    18.661] (II) modeset(0): 	285540b0f01000001e00000000000000
[    18.661] (II) modeset(0): 	00000000000000000000000000000000
[    18.661] (II) modeset(0): 	00000000000000000000000000000000
[    18.661] (II) modeset(0): 	00000000000000000000000000000000
[    18.661] (II) modeset(0): 	000000000000000000000000000000e9
[    18.661] (--) modeset(0): HDMI max TMDS frequency 170000KHz
[    18.661] (II) modeset(0): Printing probed modes for output HDMI-1
[    18.661] (II) modeset(0): Modeline "1600x900"x60.0  108.00  1600 1624 1704 1800  900 901 904 1000 +hsync +vsync (60.0 kHz eP)
[    18.661] (II) modeset(0): Modeline "1280x1024"x60.0  108.00  1280 1328 1440 1688  1024 1025 1028 1066 +hsync +vsync (64.0 kHz e)
[    18.661] (II) modeset(0): Modeline "1440x900"x59.9   88.75  1440 1488 1520 1600  900 903 909 926 +hsync -vsync (55.5 kHz e)
[    18.661] (II) modeset(0): Modeline "1280x800"x59.9   71.00  1280 1328 1360 1440  800 803 809 823 +hsync -vsync (49.3 kHz e)
[    18.661] (II) modeset(0): Modeline "1280x720"x60.0   74.25  1280 1390 1430 1650  720 725 730 750 +hsync +vsync (45.0 kHz e)
[    18.661] (II) modeset(0): Modeline "1280x720"x50.0   74.25  1280 1720 1760 1980  720 725 730 750 +hsync +vsync (37.5 kHz e)
[    18.661] (II) modeset(0): Modeline "1280x720"x59.9   74.18  1280 1390 1430 1650  720 725 730 750 +hsync +vsync (45.0 kHz e)
[    18.661] (II) modeset(0): Modeline "1024x768"x60.0   65.00  1024 1048 1184 1344  768 771 777 806 -hsync -vsync (48.4 kHz e)
[    18.661] (II) modeset(0): Modeline "800x600"x60.3   40.00  800 840 968 1056  600 601 605 628 +hsync +vsync (37.9 kHz e)
[    18.661] (II) modeset(0): Modeline "720x576"x50.0   27.00  720 732 796 864  576 581 586 625 -hsync -vsync (31.2 kHz e)
[    18.661] (II) modeset(0): Modeline "720x480"x60.0   27.03  720 736 798 858  480 489 495 525 -hsync -vsync (31.5 kHz e)
[    18.661] (II) modeset(0): Modeline "720x480"x59.9   27.00  720 736 798 858  480 489 495 525 -hsync -vsync (31.5 kHz e)
[    18.661] (II) modeset(0): Modeline "640x480"x60.0   25.20  640 656 752 800  480 490 492 525 -hsync -vsync (31.5 kHz e)
[    18.661] (II) modeset(0): Modeline "640x480"x59.9   25.18  640 656 752 800  480 490 492 525 -hsync -vsync (31.5 kHz e)
[    18.661] (II) modeset(0): Modeline "720x400"x70.1   28.32  720 738 846 900  400 412 414 449 -hsync +vsync (31.5 kHz e)
[    18.661] (II) modeset(0): Output DP-1 disconnected
[    18.661] (II) modeset(0): Output HDMI-1 connected
[    18.661] (II) modeset(0): Using exact sizes for initial modes
[    18.661] (II) modeset(0): Output HDMI-1 using initial mode 1600x900 +0+0
[    18.661] (==) modeset(0): Using gamma correction (1.0, 1.0, 1.0)
[    18.661] (==) modeset(0): DPI set to (96, 96)
[    18.661] (II) Loading sub module "fb"
[    18.661] (II) LoadModule: "fb"
[    18.661] (II) Module "fb" already built-in
[    18.661] (II) UnloadModule: "fbdev"
[    18.661] (II) Unloading fbdev
[    18.661] (II) UnloadSubModule: "fbdevhw"
[    18.661] (II) Unloading fbdevhw
[    18.661] (II) UnloadModule: "vesa"
[    18.661] (II) Unloading vesa
[    18.672] (==) modeset(0): Backing store enabled
[    18.672] (==) modeset(0): Silken mouse enabled
[    18.817] (II) modeset(0): Initializing kms color map for depth 24, 8 bpc.
[    18.818] (==) modeset(0): DPMS enabled
[    18.818] (II) modeset(0): [DRI2] Setup complete
[    18.818] (II) modeset(0): [DRI2]   DRI driver: iris
[    18.818] (II) modeset(0): [DRI2]   VDPAU driver: va_gl
[    18.818] (II) Initializing extension Generic Event Extension
[    18.818] (II) Initializing extension SHAPE
[    18.818] (II) Initializing extension MIT-SHM
[    18.818] (II) Initializing extension XInputExtension
[    18.818] (II) Initializing extension XTEST
[    18.818] (II) Initializing extension BIG-REQUESTS
[    18.818] (II) Initializing extension SYNC
[    18.818] (II) Initializing extension XKEYBOARD
[    18.818] (II) Initializing extension XC-MISC
[    18.818] (II) Initializing extension SECURITY
[    18.818] (II) Initializing extension XFIXES
[    18.819] (II) Initializing extension RENDER
[    18.819] (II) Initializing extension RANDR
[    18.819] (II) Initializing extension COMPOSITE
[    18.819] (II) Initializing extension DAMAGE
[    18.819] (II) Initializing extension MIT-SCREEN-SAVER
[    18.819] (II) Initializing extension DOUBLE-BUFFER
[    18.820] (II) Initializing extension RECORD
[    18.820] (II) Initializing extension DPMS
[    18.820] (II) Initializing extension Present
[    18.820] (II) Initializing extension DRI3
[    18.820] (II) Initializing extension X-Resource
[    18.820] (II) Initializing extension XVideo
[    18.820] (II) Initializing extension XVideo-MotionCompensation
[    18.820] (II) Initializing extension SELinux
[    18.820] (II) SELinux: Disabled on system
[    18.820] (II) Initializing extension GLX
[    18.824] (II) AIGLX: Loaded and initialized iris
[    18.824] (II) GLX: Initialized DRI2 GL provider for screen 0
[    18.824] (II) Initializing extension XFree86-VidModeExtension
[    18.824] (II) Initializing extension XFree86-DGA
[    18.824] (II) Initializing extension XFree86-DRI
[    18.824] (II) Initializing extension DRI2
[    18.824] (II) modeset(0): Damage tracking initialized
[    18.824] (II) modeset(0): Setting screen physical size to 423 x 238
[    18.843] (II) config/udev: Adding input device Power Button (/dev/input/event2)
[    18.843] (**) Power Button: Applying InputClass "libinput keyboard catchall"
[    18.844] (II) LoadModule: "libinput"
[    18.844] (II) Loading /usr/lib/xorg/modules/input/libinput_drv.so
[    18.844] (II) Module libinput: vendor="X.Org Foundation"
[    18.844] 	compiled for 1.20.14, module version = 1.2.1
[    18.844] 	Module class: X.Org XInput Driver
[    18.844] 	ABI class: X.Org XInput driver, version 24.1
[    18.844] (II) Using input driver 'libinput' for 'Power Button'
[    18.845] (II) systemd-logind: got fd for /dev/input/event2 13:66 fd 29 paused 0
[    18.845] (**) Power Button: always reports core events
[    18.845] (**) Option "Device" "/dev/input/event2"
[    18.846] (II) event2  - Power Button: is tagged by udev as: Keyboard
[    18.846] (II) event2  - Power Button: device is a keyboard
[    18.846] (II) event2  - Power Button: device removed
[    18.846] (**) Option "config_info" "udev:/sys/devices/LNXSYSTM:00/LNXPWRBN:00/input/input2/event2"
[    18.846] (II) XINPUT: Adding extended input device "Power Button" (type: KEYBOARD, id 6)
[    18.846] (**) Option "xkb_model" "pc105"
[    18.846] (**) Option "xkb_layout" "us"
[    18.846] (II) event2  - Power Button: is tagged by udev as: Keyboard
[    18.846] (II) event2  - Power Button: device is a keyboard
[    18.847] (II) config/udev: Adding input device Video Bus (/dev/input/event8)
[    18.847] (**) Video Bus: Applying InputClass "libinput keyboard catchall"
[    18.847] (II) Using input driver 'libinput' for 'Video Bus'
[    18.847] (II) systemd-logind: got fd for /dev/input/event8 13:72 fd 32 paused 0
[    18.847] (**) Video Bus: always reports core events
[    18.847] (**) Option "Device" "/dev/input/event8"
[    18.848] (II) event8  - Video Bus: is tagged by udev as: Keyboard
[    18.848] (II) event8  - Video Bus: device is a keyboard
[    18.848] (II) event8  - Video Bus: device removed
[    18.848] (**) Option "config_info" "udev:/sys/devices/LNXSYSTM:00/LNXSYBUS:00/PNP0A08:00/LNXVIDEO:00/input/input8/event8"
[    18.848] (II) XINPUT: Adding extended input device "Video Bus" (type: KEYBOARD, id 7)
[    18.848] (**) Option "xkb_model" "pc105"
[    18.848] (**) Option "xkb_layout" "us"
[    18.848] (II) event8  - Video Bus: is tagged by udev as: Keyboard
[    18.848] (II) event8  - Video Bus: device is a keyboard
[    18.848] (II) config/udev: Adding input device Power Button (/dev/input/event1)
[    18.848] (**) Power Button: Applying InputClass "libinput keyboard catchall"
[    18.848] (II) Using input driver 'libinput' for 'Power Button'
[    18.849] (II) systemd-logind: got fd for /dev/input/event1 13:65 fd 33 paused 0
[    18.849] (**) Power Button: always reports core events
[    18.849] (**) Option "Device" "/dev/input/event1"
[    18.849] (II) event1  - Power Button: is tagged by udev as: Keyboard
[    18.849] (II) event1  - Power Button: device is a keyboard
[    18.849] (II) event1  - Power Button: device removed
[    18.849] (**) Option "config_info" "udev:/sys/devices/LNXSYSTM:00/LNXSYBUS:00/PNP0C0C:00/input/input1/event1"
[    18.849] (II) XINPUT: Adding extended input device "Power Button" (type: KEYBOARD, id 8)
[    18.849] (**) Option "xkb_model" "pc105"
[    18.849] (**) Option "xkb_layout" "us"
[    18.849] (II) event1  - Power Button: is tagged by udev as: Keyboard
[    18.849] (II) event1  - Power Button: device is a keyboard
[    18.849] (II) config/udev: Adding input device Sleep Button (/dev/input/event0)
[    18.849] (**) Sleep Button: Applying InputClass "libinput keyboard catchall"
[    18.849] (II) Using input driver 'libinput' for 'Sleep Button'
[    18.850] (II) systemd-logind: got fd for /dev/input/event0 13:64 fd 34 paused 0
[    18.850] (**) Sleep Button: always reports core events
[    18.850] (**) Option "Device" "/dev/input/event0"
[    18.850] (II) event0  - Sleep Button: is tagged by udev as: Keyboard
[    18.850] (II) event0  - Sleep Button: device is a keyboard
[    18.850] (II) event0  - Sleep Button: device removed
[    18.850] (**) Option "config_info" "udev:/sys/devices/LNXSYSTM:00/LNXSYBUS:00/PNP0C0E:00/input/input0/event0"
[    18.850] (II) XINPUT: Adding extended input device "Sleep Button" (type: KEYBOARD, id 9)
[    18.850] (**) Option "xkb_model" "pc105"
[    18.850] (**) Option "xkb_layout" "us"
[    18.850] (II) event0  - Sleep Button: is tagged by udev as: Keyboard
[    18.850] (II) event0  - Sleep Button: device is a keyboard
[    18.851] (II) config/udev: Adding input device Chicony  HP Wired Desktop 320K Keyboard (/dev/input/event3)
[    18.851] (**) Chicony  HP Wired Desktop 320K Keyboard: Applying InputClass "libinput keyboard catchall"
[    18.851] (II) Using input driver 'libinput' for 'Chicony  HP Wired Desktop 320K Keyboard'
[    18.851] (II) systemd-logind: got fd for /dev/input/event3 13:67 fd 35 paused 0
[    18.851] (**) Chicony  HP Wired Desktop 320K Keyboard: always reports core events
[    18.851] (**) Option "Device" "/dev/input/event3"
[    18.851] (II) event3  - Chicony  HP Wired Desktop 320K Keyboard: is tagged by udev as: Keyboard
[    18.851] (II) event3  - Chicony  HP Wired Desktop 320K Keyboard: device is a keyboard
[    18.851] (II) event3  - Chicony  HP Wired Desktop 320K Keyboard: device removed
[    18.851] (**) Option "config_info" "udev:/sys/devices/pci0000:00/0000:00:14.0/usb1/1-1/1-1:1.0/0003:04F2:3F41.0001/input/input3/event3"
[    18.851] (II) XINPUT: Adding extended input device "Chicony  HP Wired Desktop 320K Keyboard" (type: KEYBOARD, id 10)
[    18.851] (**) Option "xkb_model" "pc105"
[    18.851] (**) Option "xkb_layout" "us"
[    18.852] (II) event3  - Chicony  HP Wired Desktop 320K Keyboard: is tagged by udev as: Keyboard
[    18.852] (II) event3  - Chicony  HP Wired Desktop 320K Keyboard: device is a keyboard
[    18.852] (II) config/udev: Adding input device Chicony  HP Wired Desktop 320K Keyboard Consumer Control (/dev/input/event4)
[    18.852] (**) Chicony  HP Wired Desktop 320K Keyboard Consumer Control: Applying InputClass "libinput keyboard catchall"
[    18.852] (II) Using input driver 'libinput' for 'Chicony  HP Wired Desktop 320K Keyboard Consumer Control'
[    18.852] (II) systemd-logind: got fd for /dev/input/event4 13:68 fd 36 paused 0
[    18.853] (**) Chicony  HP Wired Desktop 320K Keyboard Consumer Control: always reports core events
[    18.853] (**) Option "Device" "/dev/input/event4"
[    18.853] (II) event4  - Chicony  HP Wired Desktop 320K Keyboard Consumer Control: is tagged by udev as: Keyboard
[    18.853] (II) event4  - Chicony  HP Wired Desktop 320K Keyboard Consumer Control: device is a keyboard
[    18.853] (II) event4  - Chicony  HP Wired Desktop 320K Keyboard Consumer Control: device removed
[    18.853] (II) libinput: Chicony  HP Wired Desktop 320K Keyboard Consumer Control: needs a virtual subdevice
[    18.853] (**) Option "config_info" "udev:/sys/devices/pci0000:00/0000:00:14.0/usb1/1-1/1-1:1.1/0003:04F2:3F41.0002/input/input4/event4"
[    18.853] (II) XINPUT: Adding extended input device "Chicony  HP Wired Desktop 320K Keyboard Consumer Control" (type: MOUSE, id 11)
[    18.853] (**) Option "AccelerationScheme" "none"
[    18.853] (**) Chicony  HP Wired Desktop 320K Keyboard Consumer Control: (accel) selected scheme none/0
[    18.853] (**) Chicony  HP Wired Desktop 320K Keyboard Consumer Control: (accel) acceleration factor: 2.000
[    18.853] (**) Chicony  HP Wired Desktop 320K Keyboard Consumer Control: (accel) acceleration threshold: 4
[    18.854] (II) event4  - Chicony  HP Wired Desktop 320K Keyboard Consumer Control: is tagged by udev as: Keyboard
[    18.854] (II) event4  - Chicony  HP Wired Desktop 320K Keyboard Consumer Control: device is a keyboard
[    18.854] (II) config/udev: Adding input device Chicony  HP Wired Desktop 320K Keyboard System Control (/dev/input/event5)
[    18.854] (**) Chicony  HP Wired Desktop 320K Keyboard System Control: Applying InputClass "libinput keyboard catchall"
[    18.854] (II) Using input driver 'libinput' for 'Chicony  HP Wired Desktop 320K Keyboard System Control'
[    18.854] (II) systemd-logind: got fd for /dev/input/event5 13:69 fd 37 paused 0
[    18.854] (**) Chicony  HP Wired Desktop 320K Keyboard System Control: always reports core events
[    18.854] (**) Option "Device" "/dev/input/event5"
[    18.855] (II) event5  - Chicony  HP Wired Desktop 320K Keyboard System Control: is tagged by udev as: Keyboard
[    18.855] (II) event5  - Chicony  HP Wired Desktop 320K Keyboard System Control: device is a keyboard
[    18.855] (II) event5  - Chicony  HP Wired Desktop 320K Keyboard System Control: device removed
[    18.855] (**) Option "config_info" "udev:/sys/devices/pci0000:00/0000:00:14.0/usb1/1-1/1-1:1.1/0003:04F2:3F41.0002/input/input5/event5"
[    18.855] (II) XINPUT: Adding extended input device "Chicony  HP Wired Desktop 320K Keyboard System Control" (type: KEYBOARD, id 12)
[    18.855] (**) Option "xkb_model" "pc105"
[    18.855] (**) Option "xkb_layout" "us"
[    18.855] (II) event5  - Chicony  HP Wired Desktop 320K Keyboard System Control: is tagged by udev as: Keyboard
[    18.855] (II) event5  - Chicony  HP Wired Desktop 320K Keyboard System Control: device is a keyboard
[    18.855] (II) config/udev: Adding input device PixArt HP 320M USB Optical Mouse (/dev/input/event6)
[    18.855] (**) PixArt HP 320M USB Optical Mouse: Applying InputClass "libinput pointer catchall"
[    18.855] (II) Using input driver 'libinput' for 'PixArt HP 320M USB Optical Mouse'
[    18.856] (II) systemd-logind: got fd for /dev/input/event6 13:70 fd 38 paused 0
[    18.856] (**) PixArt HP 320M USB Optical Mouse: always reports core events
[    18.856] (**) Option "Device" "/dev/input/event6"
[    18.856] (II) event6  - PixArt HP 320M USB Optical Mouse: is tagged by udev as: Mouse
[    18.856] (II) event6  - PixArt HP 320M USB Optical Mouse: device is a pointer
[    18.856] (II) event6  - PixArt HP 320M USB Optical Mouse: device removed
[    18.856] (**) Option "config_info" "udev:/sys/devices/pci0000:00/0000:00:14.0/usb1/1-9/1-9:1.0/0003:04F2:4141.0003/input/input6/event6"
[    18.856] (II) XINPUT: Adding extended input device "PixArt HP 320M USB Optical Mouse" (type: MOUSE, id 13)
[    18.856] (**) Option "AccelerationScheme" "none"
[    18.856] (**) PixArt HP 320M USB Optical Mouse: (accel) selected scheme none/0
[    18.856] (**) PixArt HP 320M USB Optical Mouse: (accel) acceleration factor: 2.000
[    18.856] (**) PixArt HP 320M USB Optical Mouse: (accel) acceleration threshold: 4
[    18.857] (II) event6  - PixArt HP 320M USB Optical Mouse: is tagged by udev as: Mouse
[    18.857] (II) event6  - PixArt HP 320M USB Optical Mouse: device is a pointer
[    18.857] (II) config/udev: Adding input device PixArt HP 320M USB Optical Mouse (/dev/input/mouse0)
[    18.857] (II) No input driver specified, ignoring this device.
[    18.857] (II) This device may have been added with another device file.
[    18.857] (II) config/udev: Adding input device HDA Intel PCH Line (/dev/input/event10)
[    18.857] (II) No input driver specified, ignoring this device.
[    18.857] (II) This device may have been added with another device file.
[    18.857] (II) config/udev: Adding input device HDA Intel PCH Line Out (/dev/input/event11)
[    18.857] (II) No input driver specified, ignoring this device.
[    18.857] (II) This device may have been added with another device file.
[    18.857] (II) config/udev: Adding input device HDA Intel PCH Front Headphone (/dev/input/event12)
[    18.857] (II) No input driver specified, ignoring this device.
[    18.857] (II) This device may have been added with another device file.
[    18.858] (II) config/udev: Adding input device HDA Intel PCH HDMI/DP,pcm=3 (/dev/input/event13)
[    18.858] (II) No input driver specified, ignoring this device.
[    18.858] (II) This device may have been added with another device file.
[    18.858] (II) config/udev: Adding input device HDA Intel PCH HDMI/DP,pcm=7 (/dev/input/event14)
[    18.858] (II) No input driver specified, ignoring this device.
[    18.858] (II) This device may have been added with another device file.
[    18.858] (II) config/udev: Adding input device HDA Intel PCH HDMI/DP,pcm=8 (/dev/input/event15)
[    18.858] (II) No input driver specified, ignoring this device.
[    18.858] (II) This device may have been added with another device file.
[    18.858] (II) config/udev: Adding input device HDA Intel PCH HDMI/DP,pcm=9 (/dev/input/event16)
[    18.858] (II) No input driver specified, ignoring this device.
[    18.858] (II) This device may have been added with another device file.
[    18.858] (II) config/udev: Adding input device HDA Intel PCH Mic (/dev/input/event9)
[    18.858] (II) No input driver specified, ignoring this device.
[    18.858] (II) This device may have been added with another device file.
[    18.859] (II) config/udev: Adding input device HP WMI hotkeys (/dev/input/event7)
[    18.859] (**) HP WMI hotkeys: Applying InputClass "libinput keyboard catchall"
[    18.859] (II) Using input driver 'libinput' for 'HP WMI hotkeys'
[    18.859] (II) systemd-logind: got fd for /dev/input/event7 13:71 fd 39 paused 0
[    18.859] (**) HP WMI hotkeys: always reports core events
[    18.859] (**) Option "Device" "/dev/input/event7"
[    18.859] (II) event7  - HP WMI hotkeys: is tagged by udev as: Keyboard Switch
[    18.859] (II) event7  - HP WMI hotkeys: device is a keyboard
[    18.860] (II) event7  - HP WMI hotkeys: device removed
[    18.860] (**) Option "config_info" "udev:/sys/devices/virtual/input/input7/event7"
[    18.860] (II) XINPUT: Adding extended input device "HP WMI hotkeys" (type: KEYBOARD, id 14)
[    18.860] (**) Option "xkb_model" "pc105"
[    18.860] (**) Option "xkb_layout" "us"
[    18.860] (II) event7  - HP WMI hotkeys: is tagged by udev as: Keyboard Switch
[    18.860] (II) event7  - HP WMI hotkeys: device is a keyboard
[    18.868] (**) Chicony  HP Wired Desktop 320K Keyboard Consumer Control: Applying InputClass "libinput keyboard catchall"
[    18.868] (II) Using input driver 'libinput' for 'Chicony  HP Wired Desktop 320K Keyboard Consumer Control'
[    18.868] (II) systemd-logind: returning pre-existing fd for /dev/input/event4 13:68
[    18.868] (**) Chicony  HP Wired Desktop 320K Keyboard Consumer Control: always reports core events
[    18.868] (**) Option "Device" "/dev/input/event4"
[    18.868] (II) libinput: Chicony  HP Wired Desktop 320K Keyboard Consumer Control: is a virtual subdevice
[    18.868] (**) Option "config_info" "udev:/sys/devices/pci0000:00/0000:00:14.0/usb1/1-1/1-1:1.1/0003:04F2:3F41.0002/input/input4/event4"
[    18.868] (II) XINPUT: Adding extended input device "Chicony  HP Wired Desktop 320K Keyboard Consumer Control" (type: KEYBOARD, id 15)
[    18.868] (**) Option "xkb_model" "pc105"
[    18.868] (**) Option "xkb_layout" "us"
[    19.388] (II) modeset(0): EDID vendor "HPN", prod id 13875
[    19.388] (II) modeset(0): Using EDID range info for horizontal sync
[    19.388] (II) modeset(0): Using EDID range info for vertical refresh
[    19.388] (II) modeset(0): Printing DDC gathered Modelines:
[    19.388] (II) modeset(0): Modeline "1600x900"x0.0  108.00  1600 1624 1704 1800  900 901 904 1000 +hsync +vsync (60.0 kHz eP)
[    19.388] (II) modeset(0): Modeline "1280x720"x0.0   74.25  1280 1390 1430 1650  720 725 730 750 +hsync +vsync (45.0 kHz e)
[    19.388] (II) modeset(0): Modeline "1280x720"x0.0   74.25  1280 1720 1760 1980  720 725 730 750 +hsync +vsync (37.5 kHz e)
[    19.388] (II) modeset(0): Modeline "640x480"x0.0   25.18  640 656 752 800  480 490 492 525 -hsync -vsync (31.5 kHz e)
[    19.388] (II) modeset(0): Modeline "720x576"x0.0   27.00  720 732 796 864  576 581 586 625 -hsync -vsync (31.2 kHz e)
[    19.388] (II) modeset(0): Modeline "720x480"x0.0   27.00  720 736 798 858  480 489 495 525 -hsync -vsync (31.5 kHz e)
[    19.388] (II) modeset(0): Modeline "800x600"x0.0   40.00  800 840 968 1056  600 601 605 628 +hsync +vsync (37.9 kHz e)
[    19.388] (II) modeset(0): Modeline "720x400"x0.0   28.32  720 738 846 900  400 412 414 449 -hsync +vsync (31.5 kHz e)
[    19.388] (II) modeset(0): Modeline "1024x768"x0.0   65.00  1024 1048 1184 1344  768 771 777 806 -hsync -vsync (48.4 kHz e)
[    19.388] (II) modeset(0): Modeline "1440x900"x0.0   88.75  1440 1488 1520 1600  900 903 909 926 +hsync -vsync (55.5 kHz e)
[    19.388] (II) modeset(0): Modeline "1280x1024"x0.0  108.00  1280 1328 1440 1688  1024 1025 1028 1066 +hsync +vsync (64.0 kHz e)
[    19.388] (II) modeset(0): Modeline "1280x800"x0.0   71.00  1280 1328 1360 1440  800 803 809 823 +hsync -vsync (49.3 kHz e)
[    19.388] (--) modeset(0): HDMI max TMDS frequency 170000KHz
[    20.016] (II) modeset(0): EDID vendor "HPN", prod id 13875
[    20.016] (II) modeset(0): Using hsync ranges from config file
[    20.016] (II) modeset(0): Using vrefresh ranges from config file
[    20.016] (II) modeset(0): Printing DDC gathered Modelines:
[    20.016] (II) modeset(0): Modeline "1600x900"x0.0  108.00  1600 1624 1704 1800  900 901 904 1000 +hsync +vsync (60.0 kHz eP)
[    20.016] (II) modeset(0): Modeline "1280x720"x0.0   74.25  1280 1390 1430 1650  720 725 730 750 +hsync +vsync (45.0 kHz e)
[    20.016] (II) modeset(0): Modeline "1280x720"x0.0   74.25  1280 1720 1760 1980  720 725 730 750 +hsync +vsync (37.5 kHz e)
[    20.016] (II) modeset(0): Modeline "640x480"x0.0   25.18  640 656 752 800  480 490 492 525 -hsync -vsync (31.5 kHz e)
[    20.016] (II) modeset(0): Modeline "720x576"x0.0   27.00  720 732 796 864  576 581 586 625 -hsync -vsync (31.2 kHz e)
[    20.016] (II) modeset(0): Modeline "720x480"x0.0   27.00  720 736 798 858  480 489 495 525 -hsync -vsync (31.5 kHz e)
[    20.016] (II) modeset(0): Modeline "800x600"x0.0   40.00  800 840 968 1056  600 601 605 628 +hsync +vsync (37.9 kHz e)
[    20.016] (II) modeset(0): Modeline "720x400"x0.0   28.32  720 738 846 900  400 412 414 449 -hsync +vsync (31.5 kHz e)
[    20.016] (II) modeset(0): Modeline "1024x768"x0.0   65.00  1024 1048 1184 1344  768 771 777 806 -hsync -vsync (48.4 kHz e)
[    20.016] (II) modeset(0): Modeline "1440x900"x0.0   88.75  1440 1488 1520 1600  900 903 909 926 +hsync -vsync (55.5 kHz e)
[    20.016] (II) modeset(0): Modeline "1280x1024"x0.0  108.00  1280 1328 1440 1688  1024 1025 1028 1066 +hsync +vsync (64.0 kHz e)
[    20.016] (II) modeset(0): Modeline "1280x800"x0.0   71.00  1280 1328 1360 1440  800 803 809 823 +hsync -vsync (49.3 kHz e)
[    20.016] (--) modeset(0): HDMI max TMDS frequency 170000KHz
[  1975.950] (II) modeset(0): EDID vendor "HPN", prod id 13875
[  1975.950] (II) modeset(0): Using hsync ranges from config file
[  1975.950] (II) modeset(0): Using vrefresh ranges from config file
[  1975.950] (II) modeset(0): Printing DDC gathered Modelines:
[  1975.950] (II) modeset(0): Modeline "1600x900"x0.0  108.00  1600 1624 1704 1800  900 901 904 1000 +hsync +vsync (60.0 kHz eP)
[  1975.950] (II) modeset(0): Modeline "1280x720"x0.0   74.25  1280 1390 1430 1650  720 725 730 750 +hsync +vsync (45.0 kHz e)
[  1975.950] (II) modeset(0): Modeline "1280x720"x0.0   74.25  1280 1720 1760 1980  720 725 730 750 +hsync +vsync (37.5 kHz e)
[  1975.950] (II) modeset(0): Modeline "640x480"x0.0   25.18  640 656 752 800  480 490 492 525 -hsync -vsync (31.5 kHz e)
[  1975.950] (II) modeset(0): Modeline "720x576"x0.0   27.00  720 732 796 864  576 581 586 625 -hsync -vsync (31.2 kHz e)
[  1975.950] (II) modeset(0): Modeline "720x480"x0.0   27.00  720 736 798 858  480 489 495 525 -hsync -vsync (31.5 kHz e)
[  1975.950] (II) modeset(0): Modeline "800x600"x0.0   40.00  800 840 968 1056  600 601 605 628 +hsync +vsync (37.9 kHz e)
[  1975.950] (II) modeset(0): Modeline "720x400"x0.0   28.32  720 738 846 900  400 412 414 449 -hsync +vsync (31.5 kHz e)
[  1975.950] (II) modeset(0): Modeline "1024x768"x0.0   65.00  1024 1048 1184 1344  768 771 777 806 -hsync -vsync (48.4 kHz e)
[  1975.950] (II) modeset(0): Modeline "1440x900"x0.0   88.75  1440 1488 1520 1600  900 903 909 926 +hsync -vsync (55.5 kHz e)
[  1975.950] (II) modeset(0): Modeline "1280x1024"x0.0  108.00  1280 1328 1440 1688  1024 1025 1028 1066 +hsync +vsync (64.0 kHz e)
[  1975.950] (II) modeset(0): Modeline "1280x800"x0.0   71.00  1280 1328 1360 1440  800 803 809 823 +hsync -vsync (49.3 kHz e)
[  1975.950] (--) modeset(0): HDMI max TMDS frequency 170000KHz
[  1976.052] (II) modeset(0): EDID vendor "HPN", prod id 13875
[  1976.052] (II) modeset(0): Using hsync ranges from config file
[  1976.052] (II) modeset(0): Using vrefresh ranges from config file
[  1976.052] (II) modeset(0): Printing DDC gathered Modelines:
[  1976.052] (II) modeset(0): Modeline "1600x900"x0.0  108.00  1600 1624 1704 1800  900 901 904 1000 +hsync +vsync (60.0 kHz eP)
[  1976.053] (II) modeset(0): Modeline "1280x720"x0.0   74.25  1280 1390 1430 1650  720 725 730 750 +hsync +vsync (45.0 kHz e)
[  1976.053] (II) modeset(0): Modeline "1280x720"x0.0   74.25  1280 1720 1760 1980  720 725 730 750 +hsync +vsync (37.5 kHz e)
[  1976.053] (II) modeset(0): Modeline "640x480"x0.0   25.18  640 656 752 800  480 490 492 525 -hsync -vsync (31.5 kHz e)
[  1976.053] (II) modeset(0): Modeline "720x576"x0.0   27.00  720 732 796 864  576 581 586 625 -hsync -vsync (31.2 kHz e)
[  1976.053] (II) modeset(0): Modeline "720x480"x0.0   27.00  720 736 798 858  480 489 495 525 -hsync -vsync (31.5 kHz e)
[  1976.053] (II) modeset(0): Modeline "800x600"x0.0   40.00  800 840 968 1056  600 601 605 628 +hsync +vsync (37.9 kHz e)
[  1976.053] (II) modeset(0): Modeline "720x400"x0.0   28.32  720 738 846 900  400 412 414 449 -hsync +vsync (31.5 kHz e)
[  1976.053] (II) modeset(0): Modeline "1024x768"x0.0   65.00  1024 1048 1184 1344  768 771 777 806 -hsync -vsync (48.4 kHz e)
[  1976.053] (II) modeset(0): Modeline "1440x900"x0.0   88.75  1440 1488 1520 1600  900 903 909 926 +hsync -vsync (55.5 kHz e)
[  1976.053] (II) modeset(0): Modeline "1280x1024"x0.0  108.00  1280 1328 1440 1688  1024 1025 1028 1066 +hsync +vsync (64.0 kHz e)
[  1976.053] (II) modeset(0): Modeline "1280x800"x0.0   71.00  1280 1328 1360 1440  800 803 809 823 +hsync -vsync (49.3 kHz e)
[  1976.053] (--) modeset(0): HDMI max TMDS frequency 170000KHz
[  2122.154] (**) Option "fd" "29"
[  2122.154] (II) event2  - Power Button: device removed
[  2122.154] (**) Option "fd" "32"
[  2122.154] (II) event8  - Video Bus: device removed
[  2122.154] (**) Option "fd" "33"
[  2122.154] (II) event1  - Power Button: device removed
[  2122.154] (**) Option "fd" "34"
[  2122.154] (II) event0  - Sleep Button: device removed
[  2122.154] (**) Option "fd" "35"
[  2122.154] (II) event3  - Chicony  HP Wired Desktop 320K Keyboard: device removed
[  2122.154] (**) Option "fd" "36"
[  2122.154] (**) Option "fd" "37"
[  2122.154] (II) event5  - Chicony  HP Wired Desktop 320K Keyboard System Control: device removed
[  2122.154] (**) Option "fd" "38"
[  2122.154] (II) event6  - PixArt HP 320M USB Optical Mouse: device removed
[  2122.154] (**) Option "fd" "39"
[  2122.154] (II) event7  - HP WMI hotkeys: device removed
[  2122.154] (**) Option "fd" "36"
[  2122.154] (II) event4  - Chicony  HP Wired Desktop 320K Keyboard Consumer Control: device removed
[  2122.170] (II) UnloadModule: "libinput"
[  2122.170] (II) systemd-logind: not releasing fd for 13:68, still in use
[  2122.170] (II) UnloadModule: "libinput"
[  2122.170] (II) systemd-logind: releasing fd for 13:71
[  2122.218] (II) UnloadModule: "libinput"
[  2122.218] (II) systemd-logind: releasing fd for 13:70
[  2122.232] (II) UnloadModule: "libinput"
[  2122.232] (II) systemd-logind: releasing fd for 13:69
[  2122.245] (II) UnloadModule: "libinput"
[  2122.245] (II) systemd-logind: releasing fd for 13:68
[  2122.252] (II) UnloadModule: "libinput"
[  2122.252] (II) systemd-logind: releasing fd for 13:67
[  2122.260] (II) UnloadModule: "libinput"
[  2122.260] (II) systemd-logind: releasing fd for 13:64
[  2122.268] (II) UnloadModule: "libinput"
[  2122.268] (II) systemd-logind: releasing fd for 13:65
[  2122.277] (II) UnloadModule: "libinput"
[  2122.277] (II) systemd-logind: releasing fd for 13:72
[  2122.286] (II) UnloadModule: "libinput"
[  2122.286] (II) systemd-logind: releasing fd for 13:66
[  2122.321] (WW) xf86CloseConsole: KDSETMODE failed: Input/output error
[  2122.321] (WW) xf86CloseConsole: VT_GETMODE failed: Input/output error
[  2122.406] (II) Server terminated successfully (0). Closing log file.
